<?xml version="1.0" encoding="UTF-8"?>
<testng-results skipped="0" failed="0" ignored="0" total="1" passed="1">
  <reporter-output>
  </reporter-output>
  <suite name="Default suite" duration-ms="30" started-at="2019-06-14T17:13:48Z" finished-at="2019-06-14T17:13:48Z">
    <groups>
    </groups>
    <test name="Default test" duration-ms="30" started-at="2019-06-14T17:13:48Z" finished-at="2019-06-14T17:13:48Z">
      <class name="com.example1.demo4.Demo4ApplicationTests">
        <test-method status="PASS" signature="contextLoads()[pri:0, instance:com.example1.demo4.Demo4ApplicationTests@148080bb]" name="contextLoads" duration-ms="7" started-at="2019-06-14T17:13:48Z" finished-at="2019-06-14T17:13:48Z">
          <reporter-output>
          </reporter-output>
        </test-method> <!-- contextLoads -->
      </class> <!-- com.example1.demo4.Demo4ApplicationTests -->
    </test> <!-- Default test -->
  </suite> <!-- Default suite -->
</testng-results>
